app/build/intermediates/manifest_merge_blame_file/debug/manifest-merger-blame-debug-report.txt
1<?xml version="1.0" encoding="utf-8"?>
2<manifest xmlns:android="http://schemas.android.com/apk/res/android"
3    package="com.ensias.healthcareapp"
4    android:versionCode="1"
5    android:versionName="1.0" >
6
7    <uses-sdk
8        android:minSdkVersion="16"
8-->src\main\AndroidManifest.xml
9        android:targetSdkVersion="29" />
9-->src\main\AndroidManifest.xml
10
11    <uses-permission android:name="android.permission.CALL_PHONE" />
11-->src\main\AndroidManifest.xml:5:5-69
11-->src\main\AndroidManifest.xml:5:22-66
12    <uses-permission android:name="android.permission.INTERNET" />
12-->src\main\AndroidManifest.xml:6:5-67
12-->src\main\AndroidManifest.xml:6:22-64
13    <uses-permission android:name="android.permission.READ_EXTERNAL_STORAGE" />
13-->src\main\AndroidManifest.xml:7:5-80
13-->src\main\AndroidManifest.xml:7:22-77
14    <uses-permission android:name="android.permission.ACCESS_NETWORK_STATE" />
14-->[com.google.firebase:firebase-auth:21.0.1] AndroidManifest.xml:24:5-79
14-->[com.google.firebase:firebase-auth:21.0.1] AndroidManifest.xml:24:22-76
15    <uses-permission android:name="android.permission.WAKE_LOCK" />
15-->[com.google.android.gms:play-services-measurement-api:19.0.0] AndroidManifest.xml:24:5-68
15-->[com.google.android.gms:play-services-measurement-api:19.0.0] AndroidManifest.xml:24:22-65
16    <uses-permission android:name="com.google.android.finsky.permission.BIND_GET_INSTALL_REFERRER_SERVICE" />
16-->[com.google.android.gms:play-services-measurement:19.0.0] AndroidManifest.xml:26:5-110
16-->[com.google.android.gms:play-services-measurement:19.0.0] AndroidManifest.xml:26:22-107
17
18    <application
18-->src\main\AndroidManifest.xml:9:5-53:19
19        android:name="androidx.multidex.MultiDexApplication"
20        android:allowBackup="true"
20-->src\main\AndroidManifest.xml:10:9-35
21        android:appComponentFactory="androidx.core.app.CoreComponentFactory"
21-->[androidx.core:core:1.5.0] AndroidManifest.xml:24:18-86
22        android:debuggable="true"
23        android:icon="@mipmap/ic_launcher"
23-->src\main\AndroidManifest.xml:11:9-43
24        android:label="@string/app_name"
24-->src\main\AndroidManifest.xml:12:9-41
25        android:roundIcon="@mipmap/ic_launcher_round"
25-->src\main\AndroidManifest.xml:13:9-54
26        android:supportsRtl="true"
26-->src\main\AndroidManifest.xml:14:9-35
27        android:testOnly="true"
28        android:theme="@style/Theme.AppCompat.Light.NoActionBar" >
28-->src\main\AndroidManifest.xml:15:9-65
29        <activity android:name="com.ensias.healthcareapp.Mid" />
29-->src\main\AndroidManifest.xml:16:9-50
29-->src\main\AndroidManifest.xml:16:19-38
30        <activity android:name="com.ensias.healthcareapp.SplashScreen" >
30-->src\main\AndroidManifest.xml:17:9-23:20
30-->src\main\AndroidManifest.xml:17:19-47
31            <intent-filter>
31-->src\main\AndroidManifest.xml:18:9-22:25
32                <action android:name="android.intent.action.MAIN" />
32-->src\main\AndroidManifest.xml:19:13-65
32-->src\main\AndroidManifest.xml:19:21-62
33
34                <category android:name="android.intent.category.LAUNCHER" />
34-->src\main\AndroidManifest.xml:21:13-73
34-->src\main\AndroidManifest.xml:21:23-70
35            </intent-filter>
36        </activity>
37        <activity android:name="com.ensias.healthcareapp.MyCalendarDoctorActivity" />
37-->src\main\AndroidManifest.xml:24:9-62
37-->src\main\AndroidManifest.xml:24:19-59
38        <activity android:name="com.ensias.healthcareapp.TestActivity" />
38-->src\main\AndroidManifest.xml:25:9-50
38-->src\main\AndroidManifest.xml:25:19-47
39        <activity android:name="com.ensias.healthcareapp.AppointementActivity" />
39-->src\main\AndroidManifest.xml:26:9-58
39-->src\main\AndroidManifest.xml:26:19-55
40        <activity android:name="com.ensias.healthcareapp.FicheInfo" />
40-->src\main\AndroidManifest.xml:27:9-47
40-->src\main\AndroidManifest.xml:27:19-44
41        <activity android:name="com.ensias.healthcareapp.PatientInfoActivity" />
41-->src\main\AndroidManifest.xml:28:9-57
41-->src\main\AndroidManifest.xml:28:19-54
42        <activity android:name="com.ensias.healthcareapp.DossierMedical" />
42-->src\main\AndroidManifest.xml:29:9-52
42-->src\main\AndroidManifest.xml:29:19-49
43        <activity android:name="com.ensias.healthcareapp.ChatActivity" />
43-->src\main\AndroidManifest.xml:30:9-50
43-->src\main\AndroidManifest.xml:30:19-47
44        <activity android:name="com.ensias.healthcareapp.PatientRequestPage" />
44-->src\main\AndroidManifest.xml:31:9-56
44-->src\main\AndroidManifest.xml:31:19-53
45        <activity android:name="com.ensias.healthcareapp.DoctorHomeActivity" />
45-->src\main\AndroidManifest.xml:32:9-56
45-->src\main\AndroidManifest.xml:32:19-53
46        <activity android:name="com.ensias.healthcareapp.EditProfileDoctorActivity" />
46-->src\main\AndroidManifest.xml:33:9-63
46-->src\main\AndroidManifest.xml:33:19-60
47        <activity android:name="com.ensias.healthcareapp.ConfirmedAppointmensActivity" />
47-->src\main\AndroidManifest.xml:34:9-66
47-->src\main\AndroidManifest.xml:34:19-63
48        <activity android:name="com.ensias.healthcareapp.PatientAppointementsActivity" />
48-->src\main\AndroidManifest.xml:35:9-66
48-->src\main\AndroidManifest.xml:35:19-63
49        <activity android:name="com.ensias.healthcareapp.ProfilePatientActivity" />
49-->src\main\AndroidManifest.xml:36:9-60
49-->src\main\AndroidManifest.xml:36:19-57
50        <activity android:name="com.ensias.healthcareapp.MyDoctorsAvtivity" />
50-->src\main\AndroidManifest.xml:37:9-55
50-->src\main\AndroidManifest.xml:37:19-52
51        <activity android:name="com.ensias.healthcareapp.ProfileDoctorActivity" />
51-->src\main\AndroidManifest.xml:38:9-59
51-->src\main\AndroidManifest.xml:38:19-56
52        <activity android:name="com.ensias.healthcareapp.EditProfilePatientActivity" />
52-->src\main\AndroidManifest.xml:39:9-64
52-->src\main\AndroidManifest.xml:39:19-61
53        <activity android:name="com.ensias.healthcareapp.DoctorAppointementActivity" />
53-->src\main\AndroidManifest.xml:40:9-64
53-->src\main\AndroidManifest.xml:40:19-61
54        <activity android:name="com.ensias.healthcareapp.FicheActivity" />
54-->src\main\AndroidManifest.xml:41:9-51
54-->src\main\AndroidManifest.xml:41:19-48
55        <activity android:name="com.ensias.healthcareapp.MyPatientsActivity" />
55-->src\main\AndroidManifest.xml:42:9-56
55-->src\main\AndroidManifest.xml:42:19-53
56        <activity android:name="com.ensias.healthcareapp.SearchPatActivity" />
56-->src\main\AndroidManifest.xml:43:9-55
56-->src\main\AndroidManifest.xml:43:19-52
57        <activity android:name="com.ensias.healthcareapp.FirstSigninActivity" />
57-->src\main\AndroidManifest.xml:44:9-57
57-->src\main\AndroidManifest.xml:44:19-54
58        <activity android:name="com.ensias.healthcareapp.HomeActivity" />
58-->src\main\AndroidManifest.xml:45:9-50
58-->src\main\AndroidManifest.xml:45:19-47
59        <activity android:name="com.ensias.healthcareapp.MainActivity" />
59-->src\main\AndroidManifest.xml:46:9-49
59-->src\main\AndroidManifest.xml:46:19-47
60
61        <meta-data
61-->src\main\AndroidManifest.xml:50:9-52:57
62            android:name="preloaded_fonts"
62-->src\main\AndroidManifest.xml:51:13-43
63            android:resource="@array/preloaded_fonts" />
63-->src\main\AndroidManifest.xml:52:13-54
64
65        <activity
65-->[com.google.firebase:firebase-auth:21.0.1] AndroidManifest.xml:27:9-44:20
66            android:name="com.google.firebase.auth.internal.GenericIdpActivity"
66-->[com.google.firebase:firebase-auth:21.0.1] AndroidManifest.xml:28:13-80
67            android:excludeFromRecents="true"
67-->[com.google.firebase:firebase-auth:21.0.1] AndroidManifest.xml:29:13-46
68            android:exported="true"
68-->[com.google.firebase:firebase-auth:21.0.1] AndroidManifest.xml:30:13-36
69            android:launchMode="singleTask"
69-->[com.google.firebase:firebase-auth:21.0.1] AndroidManifest.xml:31:13-44
70            android:theme="@android:style/Theme.Translucent.NoTitleBar" >
70-->[com.google.firebase:firebase-auth:21.0.1] AndroidManifest.xml:32:13-72
71            <intent-filter>
71-->[com.google.firebase:firebase-auth:21.0.1] AndroidManifest.xml:33:13-43:29
72                <action android:name="android.intent.action.VIEW" />
72-->[com.google.firebase:firebase-auth:21.0.1] AndroidManifest.xml:34:17-69
72-->[com.google.firebase:firebase-auth:21.0.1] AndroidManifest.xml:34:25-66
73
74                <category android:name="android.intent.category.DEFAULT" />
74-->[com.google.firebase:firebase-auth:21.0.1] AndroidManifest.xml:36:17-76
74-->[com.google.firebase:firebase-auth:21.0.1] AndroidManifest.xml:36:27-73
75                <category android:name="android.intent.category.BROWSABLE" />
75-->[com.google.firebase:firebase-auth:21.0.1] AndroidManifest.xml:37:17-78
75-->[com.google.firebase:firebase-auth:21.0.1] AndroidManifest.xml:37:27-75
76
77                <data
77-->[com.google.firebase:firebase-auth:21.0.1] AndroidManifest.xml:39:17-42:51
78                    android:host="firebase.auth"
78-->[com.google.firebase:firebase-auth:21.0.1] AndroidManifest.xml:40:21-49
79                    android:path="/"
79-->[com.google.firebase:firebase-auth:21.0.1] AndroidManifest.xml:41:21-37
80                    android:scheme="genericidp" />
80-->[com.google.firebase:firebase-auth:21.0.1] AndroidManifest.xml:42:21-48
81            </intent-filter>
82        </activity>
83        <activity
83-->[com.google.firebase:firebase-auth:21.0.1] AndroidManifest.xml:45:9-62:20
84            android:name="com.google.firebase.auth.internal.RecaptchaActivity"
84-->[com.google.firebase:firebase-auth:21.0.1] AndroidManifest.xml:46:13-79
85            android:excludeFromRecents="true"
85-->[com.google.firebase:firebase-auth:21.0.1] AndroidManifest.xml:47:13-46
86            android:exported="true"
86-->[com.google.firebase:firebase-auth:21.0.1] AndroidManifest.xml:48:13-36
87            android:launchMode="singleTask"
87-->[com.google.firebase:firebase-auth:21.0.1] AndroidManifest.xml:49:13-44
88            android:theme="@android:style/Theme.Translucent.NoTitleBar" >
88-->[com.google.firebase:firebase-auth:21.0.1] AndroidManifest.xml:50:13-72
89            <intent-filter>
89-->[com.google.firebase:firebase-auth:21.0.1] AndroidManifest.xml:51:13-61:29
90                <action android:name="android.intent.action.VIEW" />
90-->[com.google.firebase:firebase-auth:21.0.1] AndroidManifest.xml:34:17-69
90-->[com.google.firebase:firebase-auth:21.0.1] AndroidManifest.xml:34:25-66
91
92                <category android:name="android.intent.category.DEFAULT" />
92-->[com.google.firebase:firebase-auth:21.0.1] AndroidManifest.xml:36:17-76
92-->[com.google.firebase:firebase-auth:21.0.1] AndroidManifest.xml:36:27-73
93                <category android:name="android.intent.category.BROWSABLE" />
93-->[com.google.firebase:firebase-auth:21.0.1] AndroidManifest.xml:37:17-78
93-->[com.google.firebase:firebase-auth:21.0.1] AndroidManifest.xml:37:27-75
94
95                <data
95-->[com.google.firebase:firebase-auth:21.0.1] AndroidManifest.xml:39:17-42:51
96                    android:host="firebase.auth"
96-->[com.google.firebase:firebase-auth:21.0.1] AndroidManifest.xml:40:21-49
97                    android:path="/"
97-->[com.google.firebase:firebase-auth:21.0.1] AndroidManifest.xml:41:21-37
98                    android:scheme="recaptcha" />
98-->[com.google.firebase:firebase-auth:21.0.1] AndroidManifest.xml:42:21-48
99            </intent-filter>
100        </activity>
101
102        <service
102-->[com.google.firebase:firebase-auth:21.0.1] AndroidManifest.xml:64:9-73:19
103            android:name="com.google.firebase.auth.api.fallback.service.FirebaseAuthFallbackService"
103-->[com.google.firebase:firebase-auth:21.0.1] AndroidManifest.xml:65:13-101
104            android:enabled="true"
104-->[com.google.firebase:firebase-auth:21.0.1] AndroidManifest.xml:66:13-35
105            android:exported="false" >
105-->[com.google.firebase:firebase-auth:21.0.1] AndroidManifest.xml:67:13-37
106            <intent-filter>
106-->[com.google.firebase:firebase-auth:21.0.1] AndroidManifest.xml:68:13-72:29
107                <action android:name="com.google.firebase.auth.api.gms.service.START" />
107-->[com.google.firebase:firebase-auth:21.0.1] AndroidManifest.xml:69:17-89
107-->[com.google.firebase:firebase-auth:21.0.1] AndroidManifest.xml:69:25-86
108
109                <category android:name="android.intent.category.DEFAULT" />
109-->[com.google.firebase:firebase-auth:21.0.1] AndroidManifest.xml:36:17-76
109-->[com.google.firebase:firebase-auth:21.0.1] AndroidManifest.xml:36:27-73
110            </intent-filter>
111        </service>
112        <service
112-->[com.google.firebase:firebase-auth:21.0.1] AndroidManifest.xml:74:9-80:19
113            android:name="com.google.firebase.components.ComponentDiscoveryService"
113-->[com.google.firebase:firebase-auth:21.0.1] AndroidManifest.xml:75:13-84
114            android:directBootAware="true"
114-->[com.google.firebase:firebase-common:20.0.0] AndroidManifest.xml:35:13-43
115            android:exported="false" >
115-->[com.google.firebase:firebase-auth:21.0.1] AndroidManifest.xml:76:13-37
116            <meta-data
116-->[com.google.firebase:firebase-auth:21.0.1] AndroidManifest.xml:77:13-79:85
117                android:name="com.google.firebase.components:com.google.firebase.auth.FirebaseAuthRegistrar"
117-->[com.google.firebase:firebase-auth:21.0.1] AndroidManifest.xml:78:17-109
118                android:value="com.google.firebase.components.ComponentRegistrar" />
118-->[com.google.firebase:firebase-auth:21.0.1] AndroidManifest.xml:79:17-82
119            <meta-data
119-->[com.google.firebase:firebase-database:20.0.0] AndroidManifest.xml:32:13-34:85
120                android:name="com.google.firebase.components:com.google.firebase.database.DatabaseRegistrar"
120-->[com.google.firebase:firebase-database:20.0.0] AndroidManifest.xml:33:17-109
121                android:value="com.google.firebase.components.ComponentRegistrar" />
121-->[com.google.firebase:firebase-database:20.0.0] AndroidManifest.xml:34:17-82
122            <meta-data
122-->[com.google.firebase:firebase-firestore:23.0.2] AndroidManifest.xml:20:13-22:85
123                android:name="com.google.firebase.components:com.google.firebase.firestore.FirestoreRegistrar"
123-->[com.google.firebase:firebase-firestore:23.0.2] AndroidManifest.xml:21:17-111
124                android:value="com.google.firebase.components.ComponentRegistrar" />
124-->[com.google.firebase:firebase-firestore:23.0.2] AndroidManifest.xml:22:17-82
125            <meta-data
125-->[com.google.firebase:firebase-storage:20.0.0] AndroidManifest.xml:33:13-35:85
126                android:name="com.google.firebase.components:com.google.firebase.storage.StorageRegistrar"
126-->[com.google.firebase:firebase-storage:20.0.0] AndroidManifest.xml:34:17-107
127                android:value="com.google.firebase.components.ComponentRegistrar" />
127-->[com.google.firebase:firebase-storage:20.0.0] AndroidManifest.xml:35:17-82
128            <meta-data
128-->[com.google.android.gms:play-services-measurement-api:19.0.0] AndroidManifest.xml:30:13-32:85
129                android:name="com.google.firebase.components:com.google.firebase.analytics.connector.internal.AnalyticsConnectorRegistrar"
129-->[com.google.android.gms:play-services-measurement-api:19.0.0] AndroidManifest.xml:31:17-139
130                android:value="com.google.firebase.components.ComponentRegistrar" />
130-->[com.google.android.gms:play-services-measurement-api:19.0.0] AndroidManifest.xml:32:17-82
131            <meta-data
131-->[com.google.firebase:firebase-installations:17.0.0] AndroidManifest.xml:18:13-20:85
132                android:name="com.google.firebase.components:com.google.firebase.installations.FirebaseInstallationsRegistrar"
132-->[com.google.firebase:firebase-installations:17.0.0] AndroidManifest.xml:19:17-127
133                android:value="com.google.firebase.components.ComponentRegistrar" />
133-->[com.google.firebase:firebase-installations:17.0.0] AndroidManifest.xml:20:17-82
134        </service>
135
136        <activity
136-->[com.google.android.gms:play-services-auth:19.0.0] AndroidManifest.xml:23:9-27:75
137            android:name="com.google.android.gms.auth.api.signin.internal.SignInHubActivity"
137-->[com.google.android.gms:play-services-auth:19.0.0] AndroidManifest.xml:24:13-93
138            android:excludeFromRecents="true"
138-->[com.google.android.gms:play-services-auth:19.0.0] AndroidManifest.xml:25:13-46
139            android:exported="false"
139-->[com.google.android.gms:play-services-auth:19.0.0] AndroidManifest.xml:26:13-37
140            android:theme="@android:style/Theme.Translucent.NoTitleBar" />
140-->[com.google.android.gms:play-services-auth:19.0.0] AndroidManifest.xml:27:13-72
141        <!--
142            Service handling Google Sign-In user revocation. For apps that do not integrate with
143            Google Sign-In, this service will never be started.
144        -->
145        <service
145-->[com.google.android.gms:play-services-auth:19.0.0] AndroidManifest.xml:33:9-37:51
146            android:name="com.google.android.gms.auth.api.signin.RevocationBoundService"
146-->[com.google.android.gms:play-services-auth:19.0.0] AndroidManifest.xml:34:13-89
147            android:exported="true"
147-->[com.google.android.gms:play-services-auth:19.0.0] AndroidManifest.xml:35:13-36
148            android:permission="com.google.android.gms.auth.api.signin.permission.REVOCATION_NOTIFICATION"
148-->[com.google.android.gms:play-services-auth:19.0.0] AndroidManifest.xml:36:13-107
149            android:visibleToInstantApps="true" />
149-->[com.google.android.gms:play-services-auth:19.0.0] AndroidManifest.xml:37:13-48
150
151        <activity
151-->[com.google.android.gms:play-services-base:17.1.0] AndroidManifest.xml:23:9-26:75
152            android:name="com.google.android.gms.common.api.GoogleApiActivity"
152-->[com.google.android.gms:play-services-base:17.1.0] AndroidManifest.xml:24:13-79
153            android:exported="false"
153-->[com.google.android.gms:play-services-base:17.1.0] AndroidManifest.xml:25:13-37
154            android:theme="@android:style/Theme.Translucent.NoTitleBar" />
154-->[com.google.android.gms:play-services-base:17.1.0] AndroidManifest.xml:26:13-72
155
156        <provider
156-->[com.google.firebase:firebase-common:20.0.0] AndroidManifest.xml:26:9-31:39
157            android:name="com.google.firebase.provider.FirebaseInitProvider"
157-->[com.google.firebase:firebase-common:20.0.0] AndroidManifest.xml:27:13-77
158            android:authorities="com.ensias.healthcareapp.firebaseinitprovider"
158-->[com.google.firebase:firebase-common:20.0.0] AndroidManifest.xml:28:13-72
159            android:directBootAware="true"
159-->[com.google.firebase:firebase-common:20.0.0] AndroidManifest.xml:29:13-43
160            android:exported="false"
160-->[com.google.firebase:firebase-common:20.0.0] AndroidManifest.xml:30:13-37
161            android:initOrder="100" />
161-->[com.google.firebase:firebase-common:20.0.0] AndroidManifest.xml:31:13-36
162
163        <receiver
163-->[com.google.android.gms:play-services-measurement:19.0.0] AndroidManifest.xml:29:9-33:20
164            android:name="com.google.android.gms.measurement.AppMeasurementReceiver"
164-->[com.google.android.gms:play-services-measurement:19.0.0] AndroidManifest.xml:30:13-85
165            android:enabled="true"
165-->[com.google.android.gms:play-services-measurement:19.0.0] AndroidManifest.xml:31:13-35
166            android:exported="false" >
166-->[com.google.android.gms:play-services-measurement:19.0.0] AndroidManifest.xml:32:13-37
167        </receiver>
168
169        <service
169-->[com.google.android.gms:play-services-measurement:19.0.0] AndroidManifest.xml:35:9-38:40
170            android:name="com.google.android.gms.measurement.AppMeasurementService"
170-->[com.google.android.gms:play-services-measurement:19.0.0] AndroidManifest.xml:36:13-84
171            android:enabled="true"
171-->[com.google.android.gms:play-services-measurement:19.0.0] AndroidManifest.xml:37:13-35
172            android:exported="false" />
172-->[com.google.android.gms:play-services-measurement:19.0.0] AndroidManifest.xml:38:13-37
173        <service
173-->[com.google.android.gms:play-services-measurement:19.0.0] AndroidManifest.xml:39:9-43:72
174            android:name="com.google.android.gms.measurement.AppMeasurementJobService"
174-->[com.google.android.gms:play-services-measurement:19.0.0] AndroidManifest.xml:40:13-87
175            android:enabled="true"
175-->[com.google.android.gms:play-services-measurement:19.0.0] AndroidManifest.xml:41:13-35
176            android:exported="false"
176-->[com.google.android.gms:play-services-measurement:19.0.0] AndroidManifest.xml:42:13-37
177            android:permission="android.permission.BIND_JOB_SERVICE" />
177-->[com.google.android.gms:play-services-measurement:19.0.0] AndroidManifest.xml:43:13-69
178
179        <meta-data
179-->[com.google.android.gms:play-services-basement:17.1.1] AndroidManifest.xml:23:9-25:69
180            android:name="com.google.android.gms.version"
180-->[com.google.android.gms:play-services-basement:17.1.1] AndroidManifest.xml:24:13-58
181            android:value="@integer/google_play_services_version" />
181-->[com.google.android.gms:play-services-basement:17.1.1] AndroidManifest.xml:25:13-66
182    </application>
183
184</manifest>